\BOOKMARK [0][-]{chapter.1}{\376\377\000B\000a\000s\000h\000\040\127\372\147\054\122\237\200\375}{}% 1
\BOOKMARK [1][-]{section.1.1}{\376\377\127\372\147\054}{chapter.1}% 2
\BOOKMARK [1][-]{section.1.2}{\376\377\133\127\173\046\142\052\123\326}{chapter.1}% 3
\BOOKMARK [1][-]{section.1.3}{\376\377\000a\000w\000k}{chapter.1}% 4
\BOOKMARK [2][-]{subsection.1.3.1}{\376\377\127\372\147\054\117\177\165\050}{section.1.3}% 5
\BOOKMARK [2][-]{subsection.1.3.2}{\376\377\000a\000w\000k\000\040\177\026\172\013}{section.1.3}% 6
\BOOKMARK [1][-]{section.1.4}{\376\377\000s\000e\000d}{chapter.1}% 7
\BOOKMARK [0][-]{chapter.2}{\376\377\000S\000h\000e\000l\000l\000\040\127\372\147\054\167\345\213\306}{}% 8
\BOOKMARK [1][-]{section.2.1}{\376\377\000S\000h\000e\000l\000l}{chapter.2}% 9
\BOOKMARK [1][-]{section.2.2}{\376\377\000S\000h\000e\000l\000l\000\040\142\147\210\114\201\032\147\054}{chapter.2}% 10
\BOOKMARK [1][-]{section.2.3}{\376\377\000S\000h\000e\000l\000l\000\040\123\330\221\317}{chapter.2}% 11
\BOOKMARK [1][-]{section.2.4}{\376\377\000S\000h\000e\000l\000l\000\040\220\032\221\115\173\046\060\001\124\175\116\344\116\343\143\142\060\001\123\125\137\025\123\367\060\001\123\314\137\025\123\367}{chapter.2}% 12
\BOOKMARK [1][-]{section.2.5}{\376\377\000S\000h\000e\000l\000l\000\040\117\040\220\022\123\302\145\160}{chapter.2}% 13
\BOOKMARK [1][-]{section.2.6}{\376\377\000S\000h\000e\000l\000l\000\040\124\004\171\315\142\354\123\367}{chapter.2}% 14
\BOOKMARK [1][-]{section.2.7}{\376\377\123\302\200\003}{chapter.2}% 15
\BOOKMARK [0][-]{chapter.3}{\376\377\000S\000h\000e\000l\000l\000\040\217\320\173\227\144\315\117\134}{}% 16
\BOOKMARK [1][-]{section.3.1}{\376\377\173\227\145\160\217\320\173\227}{chapter.3}% 17
\BOOKMARK [1][-]{section.3.2}{\376\377\121\163\174\373\217\320\173\227}{chapter.3}% 18
\BOOKMARK [1][-]{section.3.3}{\376\377\136\003\134\024\217\320\173\227}{chapter.3}% 19
\BOOKMARK [1][-]{section.3.4}{\376\377\220\073\217\221\217\320\173\227}{chapter.3}% 20
\BOOKMARK [1][-]{section.3.5}{\376\377\133\127\173\046\116\062\217\320\173\227}{chapter.3}% 21
\BOOKMARK [1][-]{section.3.6}{\376\377\145\207\116\366\155\113\213\325\217\320\173\227}{chapter.3}% 22
\BOOKMARK [0][-]{chapter.4}{\376\377\000S\000h\000e\000l\000l\000\040\201\032\147\054\143\247\122\066\176\323\147\204}{}% 23
\BOOKMARK [1][-]{section.4.1}{\376\377\116\044\171\315\122\044\145\255\150\074\137\017}{chapter.4}% 24
\BOOKMARK [1][-]{section.4.2}{\376\377\000i\000f\000-\000e\000l\000s\000e}{chapter.4}% 25
\BOOKMARK [1][-]{section.4.3}{\376\377\000w\000h\000i\000l\000e}{chapter.4}% 26
\BOOKMARK [1][-]{section.4.4}{\376\377\000f\000o\000r}{chapter.4}% 27
\BOOKMARK [1][-]{section.4.5}{\376\377\000u\000n\000t\000i\000l}{chapter.4}% 28
\BOOKMARK [1][-]{section.4.6}{\376\377\000c\000a\000s\000e}{chapter.4}% 29
\BOOKMARK [1][-]{section.4.7}{\376\377\000c\000o\000n\000t\000i\000n\000u\000e\000,\000b\000r\000e\000a\000k}{chapter.4}% 30
\BOOKMARK [0][-]{chapter.5}{\376\377\000S\000h\000e\000l\000l\000\040\121\375\145\160}{}% 31
\BOOKMARK [1][-]{section.5.1}{\376\377\121\375\145\160\133\232\116\111}{chapter.5}% 32
\BOOKMARK [1][-]{section.5.2}{\376\377\121\375\145\160\123\302\145\160}{chapter.5}% 33
\BOOKMARK [0][-]{chapter.6}{\376\377\000S\000h\000e\000l\000l\000\040\201\032\147\054\214\003\165\050\135\362\147\011\201\032\147\054}{}% 34
\BOOKMARK [0][-]{chapter.7}{\376\377\000S\000h\000e\000l\000l\000\040\171\072\117\213}{}% 35
\BOOKMARK [1][-]{section.7.1}{\376\377\000L\000e\000e\000t\000C\000o\000d\000e}{chapter.7}% 36
\BOOKMARK [1][-]{section.7.2}{\376\377\213\376\172\013}{chapter.7}% 37
\BOOKMARK [0][-]{chapter.8}{\376\377\123\302\200\003\145\207\163\056}{}% 38
