\BOOKMARK [0][-]{chapter.1}{\376\377\000P\000H\000P\000\040\173\200\116\313}{}% 1
\BOOKMARK [1][-]{section.1.1}{\376\377\165\050\220\024}{chapter.1}% 2
\BOOKMARK [1][-]{section.1.2}{\376\377\221\115\177\156}{chapter.1}% 3
\BOOKMARK [2][-]{subsection.1.2.1}{\376\377\000A\000p\000a\000c\000h\000e\0002\000.\0004}{section.1.2}% 4
\BOOKMARK [2][-]{subsection.1.2.2}{\376\377\000p\000h\000p\000.\000i\000n\000i}{section.1.2}% 5
\BOOKMARK [2][-]{subsection.1.2.3}{\376\377\000F\000a\000s\000t\000C\000G\000I}{section.1.2}% 6
\BOOKMARK [0][-]{chapter.2}{\376\377\127\372\147\054\213\355\154\325}{}% 7
\BOOKMARK [1][-]{section.2.1}{\376\377\123\330\221\317}{chapter.2}% 8
\BOOKMARK [1][-]{section.2.2}{\376\377\117\134\165\050\127\337}{chapter.2}% 9
\BOOKMARK [1][-]{section.2.3}{\376\377\145\160\176\304}{chapter.2}% 10
\BOOKMARK [2][-]{subsection.2.3.1}{\376\377\145\160\176\304\121\375\145\160}{section.2.3}% 11
\BOOKMARK [1][-]{section.2.4}{\376\377\133\127\173\046\116\062\121\375\145\160}{chapter.2}% 12
\BOOKMARK [1][-]{section.2.5}{\376\377\227\142\124\021\133\371\214\141}{chapter.2}% 13
\BOOKMARK [1][-]{section.2.6}{\376\377\210\150\123\125\123\237\164\006}{chapter.2}% 14
\BOOKMARK [2][-]{subsection.2.6.1}{\376\377\000f\000o\000r\000m\000\040\210\150\123\125}{section.2.6}% 15
\BOOKMARK [2][-]{subsection.2.6.2}{\376\377\000i\000n\000p\000u\000t\000\040\150\007\213\260}{section.2.6}% 16
\BOOKMARK [2][-]{subsection.2.6.3}{\376\377\145\160\143\156\203\267\123\326\145\271\137\017}{section.2.6}% 17
\BOOKMARK [1][-]{section.2.7}{\376\377\000J\000S\000O\000N\000\040\213\373\121\231}{chapter.2}% 18
\BOOKMARK [2][-]{subsection.2.7.1}{\376\377\000J\000S\000O\000N\000\040\127\372\147\054\150\074\137\017}{section.2.7}% 19
\BOOKMARK [2][-]{subsection.2.7.2}{\376\377\000e\000n\000c\000o\000d\000e}{section.2.7}% 20
\BOOKMARK [2][-]{subsection.2.7.3}{\376\377\000d\000e\000c\000o\000d\000e}{section.2.7}% 21
\BOOKMARK [1][-]{section.2.8}{\376\377\145\207\116\366\116\012\117\040}{chapter.2}% 22
\BOOKMARK [1][-]{section.2.9}{\376\377\000C\000o\000o\000k\000i\000e}{chapter.2}% 23
\BOOKMARK [1][-]{section.2.10}{\376\377\000S\000e\000s\000s\000i\000o\000n}{chapter.2}% 24
\BOOKMARK [1][-]{section.2.11}{\376\377\000T\000o\000k\000e\000n\000\040\232\214\213\301}{chapter.2}% 25
\BOOKMARK [2][-]{subsection.2.11.1}{\376\377\127\372\116\216\147\015\122\241\126\150\166\204\232\214\213\301}{section.2.11}% 26
\BOOKMARK [2][-]{subsection.2.11.2}{\376\377\127\372\116\216\000T\000o\000k\000e\000n\166\204\232\214\213\301\123\237\164\006}{section.2.11}% 27
\BOOKMARK [1][-]{section.2.12}{\376\377\000P\000H\000P\000\040\117\040\120\074}{chapter.2}% 28
\BOOKMARK [1][-]{section.2.13}{\376\377\225\355\123\005}{chapter.2}% 29
\BOOKMARK [0][-]{chapter.3}{\376\377\137\000\123\321\116\213\133\234}{}% 30
\BOOKMARK [0][-]{chapter.4}{\376\377\135\345\121\167}{}% 31
\BOOKMARK [1][-]{section.4.1}{\376\377\000P\000h\000p\000S\000t\000o\000r\000m}{chapter.4}% 32
